Command line:
   Mux32_isim_beh.exe
     -simmode  gui
     -simrunnum  0
     -socket  36873

Fri Apr 21 00:51:09 2017


 Elaboration Time: 0 sec

 Current Memory Usage: 156.824 Meg

 Total Signals          : 14
 Total Nets             : 108
 Total Signal Drivers   : 6
 Total Blocks           : 2
 Total Primitive Blocks : 2
 Total Processes        : 8
 Total Traceable Variables  : 19
 Total Scalar Nets and Variables : 220
Total Line Count : 19

 Total Simulation Time: 0 sec

 Current Memory Usage: 232.325 Meg

Fri Apr 21 00:51:12 2017

